{"C:\\Users\\Rafael\\OneDrive\\Área de Trabalho\\desafio-abrigo-animais\\src\\abrigo-animais.js": {"path":"C:\\Users\\Rafael\\OneDrive\\Área de Trabalho\\desafio-abrigo-animais\\src\\abrigo-animais.js","all":false,"statementMap":{"0":{"start":{"line":1,"column":0},"end":{"line":1,"column":28}},"1":{"start":{"line":2,"column":0},"end":{"line":2,"column":17}},"2":{"start":{"line":3,"column":0},"end":{"line":3,"column":20}},"3":{"start":{"line":4,"column":0},"end":{"line":4,"column":60}},"4":{"start":{"line":5,"column":0},"end":{"line":5,"column":63}},"5":{"start":{"line":6,"column":0},"end":{"line":6,"column":71}},"6":{"start":{"line":7,"column":0},"end":{"line":7,"column":62}},"7":{"start":{"line":8,"column":0},"end":{"line":8,"column":64}},"8":{"start":{"line":9,"column":0},"end":{"line":9,"column":70}},"9":{"start":{"line":10,"column":0},"end":{"line":10,"column":65}},"10":{"start":{"line":11,"column":0},"end":{"line":11,"column":6}},"11":{"start":{"line":12,"column":0},"end":{"line":12,"column":0}},"12":{"start":{"line":13,"column":0},"end":{"line":13,"column":38}},"13":{"start":{"line":14,"column":0},"end":{"line":14,"column":57}},"14":{"start":{"line":15,"column":0},"end":{"line":15,"column":7}},"15":{"start":{"line":16,"column":0},"end":{"line":16,"column":3}},"16":{"start":{"line":17,"column":0},"end":{"line":17,"column":0}},"17":{"start":{"line":18,"column":0},"end":{"line":18,"column":56}},"18":{"start":{"line":19,"column":0},"end":{"line":19,"column":14}},"19":{"start":{"line":20,"column":0},"end":{"line":20,"column":47}},"20":{"start":{"line":21,"column":0},"end":{"line":21,"column":46}},"21":{"start":{"line":22,"column":0},"end":{"line":22,"column":12}},"22":{"start":{"line":23,"column":0},"end":{"line":23,"column":55}},"23":{"start":{"line":24,"column":0},"end":{"line":24,"column":7}},"24":{"start":{"line":25,"column":0},"end":{"line":25,"column":5}},"25":{"start":{"line":26,"column":0},"end":{"line":26,"column":17}},"26":{"start":{"line":27,"column":0},"end":{"line":27,"column":3}},"27":{"start":{"line":28,"column":0},"end":{"line":28,"column":0}},"28":{"start":{"line":29,"column":0},"end":{"line":29,"column":45}},"29":{"start":{"line":30,"column":0},"end":{"line":30,"column":44}},"30":{"start":{"line":31,"column":0},"end":{"line":31,"column":28}},"31":{"start":{"line":32,"column":0},"end":{"line":32,"column":18}},"32":{"start":{"line":33,"column":0},"end":{"line":33,"column":5}},"33":{"start":{"line":34,"column":0},"end":{"line":34,"column":40}},"34":{"start":{"line":35,"column":0},"end":{"line":35,"column":80}},"35":{"start":{"line":36,"column":0},"end":{"line":36,"column":81}},"36":{"start":{"line":37,"column":0},"end":{"line":37,"column":57}},"37":{"start":{"line":38,"column":0},"end":{"line":38,"column":75}},"38":{"start":{"line":39,"column":0},"end":{"line":39,"column":7}},"39":{"start":{"line":40,"column":0},"end":{"line":40,"column":18}},"40":{"start":{"line":41,"column":0},"end":{"line":41,"column":5}},"41":{"start":{"line":42,"column":0},"end":{"line":42,"column":92}},"42":{"start":{"line":43,"column":0},"end":{"line":43,"column":74}},"43":{"start":{"line":44,"column":0},"end":{"line":44,"column":3}},"44":{"start":{"line":45,"column":0},"end":{"line":45,"column":0}},"45":{"start":{"line":46,"column":0},"end":{"line":46,"column":71}},"46":{"start":{"line":47,"column":0},"end":{"line":47,"column":86}},"47":{"start":{"line":48,"column":0},"end":{"line":48,"column":86}},"48":{"start":{"line":49,"column":0},"end":{"line":49,"column":68}},"49":{"start":{"line":50,"column":0},"end":{"line":50,"column":0}},"50":{"start":{"line":51,"column":0},"end":{"line":51,"column":59}},"51":{"start":{"line":52,"column":0},"end":{"line":52,"column":44}},"52":{"start":{"line":53,"column":0},"end":{"line":53,"column":5}},"53":{"start":{"line":54,"column":0},"end":{"line":54,"column":64}},"54":{"start":{"line":55,"column":0},"end":{"line":55,"column":44}},"55":{"start":{"line":56,"column":0},"end":{"line":56,"column":5}},"56":{"start":{"line":57,"column":0},"end":{"line":57,"column":0}},"57":{"start":{"line":58,"column":0},"end":{"line":58,"column":59}},"58":{"start":{"line":59,"column":0},"end":{"line":59,"column":44}},"59":{"start":{"line":60,"column":0},"end":{"line":60,"column":5}},"60":{"start":{"line":61,"column":0},"end":{"line":61,"column":64}},"61":{"start":{"line":62,"column":0},"end":{"line":62,"column":44}},"62":{"start":{"line":63,"column":0},"end":{"line":63,"column":5}},"63":{"start":{"line":64,"column":0},"end":{"line":64,"column":0}},"64":{"start":{"line":65,"column":0},"end":{"line":65,"column":61}},"65":{"start":{"line":66,"column":0},"end":{"line":66,"column":41}},"66":{"start":{"line":67,"column":0},"end":{"line":67,"column":5}},"67":{"start":{"line":68,"column":0},"end":{"line":68,"column":40}},"68":{"start":{"line":69,"column":0},"end":{"line":69,"column":34}},"69":{"start":{"line":70,"column":0},"end":{"line":70,"column":43}},"70":{"start":{"line":71,"column":0},"end":{"line":71,"column":7}},"71":{"start":{"line":72,"column":0},"end":{"line":72,"column":5}},"72":{"start":{"line":73,"column":0},"end":{"line":73,"column":0}},"73":{"start":{"line":74,"column":0},"end":{"line":74,"column":30}},"74":{"start":{"line":75,"column":0},"end":{"line":75,"column":30}},"75":{"start":{"line":76,"column":0},"end":{"line":76,"column":25}},"76":{"start":{"line":77,"column":0},"end":{"line":77,"column":0}},"77":{"start":{"line":78,"column":0},"end":{"line":78,"column":53}},"78":{"start":{"line":79,"column":0},"end":{"line":79,"column":49}},"79":{"start":{"line":80,"column":0},"end":{"line":80,"column":6}},"80":{"start":{"line":81,"column":0},"end":{"line":81,"column":0}},"81":{"start":{"line":82,"column":0},"end":{"line":82,"column":40}},"82":{"start":{"line":83,"column":0},"end":{"line":83,"column":70}},"83":{"start":{"line":84,"column":0},"end":{"line":84,"column":70}},"84":{"start":{"line":85,"column":0},"end":{"line":85,"column":0}},"85":{"start":{"line":86,"column":0},"end":{"line":86,"column":43}},"86":{"start":{"line":87,"column":0},"end":{"line":87,"column":45}},"87":{"start":{"line":88,"column":0},"end":{"line":88,"column":17}},"88":{"start":{"line":89,"column":0},"end":{"line":89,"column":7}},"89":{"start":{"line":90,"column":0},"end":{"line":90,"column":0}},"90":{"start":{"line":91,"column":0},"end":{"line":91,"column":45}},"91":{"start":{"line":92,"column":0},"end":{"line":92,"column":45}},"92":{"start":{"line":93,"column":0},"end":{"line":93,"column":17}},"93":{"start":{"line":94,"column":0},"end":{"line":94,"column":7}},"94":{"start":{"line":95,"column":0},"end":{"line":95,"column":0}},"95":{"start":{"line":96,"column":0},"end":{"line":96,"column":26}},"96":{"start":{"line":97,"column":0},"end":{"line":97,"column":41}},"97":{"start":{"line":98,"column":0},"end":{"line":98,"column":47}},"98":{"start":{"line":99,"column":0},"end":{"line":99,"column":19}},"99":{"start":{"line":100,"column":0},"end":{"line":100,"column":9}},"100":{"start":{"line":101,"column":0},"end":{"line":101,"column":75}},"101":{"start":{"line":102,"column":0},"end":{"line":102,"column":47}},"102":{"start":{"line":103,"column":0},"end":{"line":103,"column":19}},"103":{"start":{"line":104,"column":0},"end":{"line":104,"column":9}},"104":{"start":{"line":105,"column":0},"end":{"line":105,"column":36}},"105":{"start":{"line":106,"column":0},"end":{"line":106,"column":47}},"106":{"start":{"line":107,"column":0},"end":{"line":107,"column":17}},"107":{"start":{"line":108,"column":0},"end":{"line":108,"column":7}},"108":{"start":{"line":109,"column":0},"end":{"line":109,"column":0}},"109":{"start":{"line":110,"column":0},"end":{"line":110,"column":26}},"110":{"start":{"line":111,"column":0},"end":{"line":111,"column":41}},"111":{"start":{"line":112,"column":0},"end":{"line":112,"column":47}},"112":{"start":{"line":113,"column":0},"end":{"line":113,"column":19}},"113":{"start":{"line":114,"column":0},"end":{"line":114,"column":9}},"114":{"start":{"line":115,"column":0},"end":{"line":115,"column":75}},"115":{"start":{"line":116,"column":0},"end":{"line":116,"column":47}},"116":{"start":{"line":117,"column":0},"end":{"line":117,"column":19}},"117":{"start":{"line":118,"column":0},"end":{"line":118,"column":9}},"118":{"start":{"line":119,"column":0},"end":{"line":119,"column":36}},"119":{"start":{"line":120,"column":0},"end":{"line":120,"column":47}},"120":{"start":{"line":121,"column":0},"end":{"line":121,"column":17}},"121":{"start":{"line":122,"column":0},"end":{"line":122,"column":7}},"122":{"start":{"line":123,"column":0},"end":{"line":123,"column":5}},"123":{"start":{"line":124,"column":0},"end":{"line":124,"column":0}},"124":{"start":{"line":125,"column":0},"end":{"line":125,"column":30}},"125":{"start":{"line":126,"column":0},"end":{"line":126,"column":52}},"126":{"start":{"line":127,"column":0},"end":{"line":127,"column":52}},"127":{"start":{"line":128,"column":0},"end":{"line":128,"column":35}},"128":{"start":{"line":129,"column":0},"end":{"line":129,"column":34}},"129":{"start":{"line":130,"column":0},"end":{"line":130,"column":15}},"130":{"start":{"line":131,"column":0},"end":{"line":131,"column":7}},"131":{"start":{"line":132,"column":0},"end":{"line":132,"column":0}},"132":{"start":{"line":133,"column":0},"end":{"line":133,"column":32}},"133":{"start":{"line":134,"column":0},"end":{"line":134,"column":3}},"134":{"start":{"line":135,"column":0},"end":{"line":135,"column":1}}},"s":{"0":1,"1":1,"2":2,"3":2,"4":2,"5":2,"6":2,"7":2,"8":2,"9":2,"10":2,"11":2,"12":2,"13":2,"14":2,"15":2,"16":1,"17":1,"18":2,"19":2,"20":4,"21":3,"22":3,"23":3,"24":4,"25":1,"26":1,"27":1,"28":1,"29":4,"30":4,"31":0,"32":0,"33":4,"34":2,"35":2,"36":0,"37":0,"38":0,"39":0,"40":0,"41":2,"42":2,"43":2,"44":1,"45":1,"46":2,"47":2,"48":2,"49":2,"50":2,"51":0,"52":0,"53":2,"54":0,"55":0,"56":2,"57":2,"58":0,"59":0,"60":2,"61":0,"62":0,"63":2,"64":2,"65":0,"66":0,"67":2,"68":3,"69":1,"70":1,"71":3,"72":1,"73":1,"74":1,"75":1,"76":1,"77":1,"78":0,"79":1,"80":1,"81":2,"82":2,"83":2,"84":2,"85":2,"86":0,"87":0,"88":0,"89":2,"90":2,"91":1,"92":1,"93":1,"94":1,"95":1,"96":1,"97":0,"98":0,"99":0,"100":1,"101":0,"102":0,"103":0,"104":1,"105":1,"106":1,"107":1,"108":0,"109":0,"110":0,"111":0,"112":0,"113":0,"114":0,"115":0,"116":0,"117":0,"118":0,"119":0,"120":0,"121":0,"122":2,"123":1,"124":1,"125":1,"126":1,"127":1,"128":0,"129":0,"130":1,"131":1,"132":1,"133":1,"134":1},"branchMap":{"0":{"type":"branch","line":2,"loc":{"start":{"line":2,"column":2},"end":{"line":16,"column":3}},"locations":[{"start":{"line":2,"column":2},"end":{"line":16,"column":3}}]},"1":{"type":"branch","line":18,"loc":{"start":{"line":18,"column":2},"end":{"line":27,"column":3}},"locations":[{"start":{"line":18,"column":2},"end":{"line":27,"column":3}}]},"2":{"type":"branch","line":20,"loc":{"start":{"line":20,"column":46},"end":{"line":25,"column":5}},"locations":[{"start":{"line":20,"column":46},"end":{"line":25,"column":5}}]},"3":{"type":"branch","line":21,"loc":{"start":{"line":21,"column":45},"end":{"line":24,"column":7}},"locations":[{"start":{"line":21,"column":45},"end":{"line":24,"column":7}}]},"4":{"type":"branch","line":23,"loc":{"start":{"line":23,"column":43},"end":{"line":23,"column":55}},"locations":[{"start":{"line":23,"column":43},"end":{"line":23,"column":55}}]},"5":{"type":"branch","line":25,"loc":{"start":{"line":25,"column":4},"end":{"line":27,"column":3}},"locations":[{"start":{"line":25,"column":4},"end":{"line":27,"column":3}}]},"6":{"type":"branch","line":29,"loc":{"start":{"line":29,"column":2},"end":{"line":44,"column":3}},"locations":[{"start":{"line":29,"column":2},"end":{"line":44,"column":3}}]},"7":{"type":"branch","line":31,"loc":{"start":{"line":31,"column":27},"end":{"line":33,"column":5}},"locations":[{"start":{"line":31,"column":27},"end":{"line":33,"column":5}}]},"8":{"type":"branch","line":34,"loc":{"start":{"line":34,"column":39},"end":{"line":44,"column":3}},"locations":[{"start":{"line":34,"column":39},"end":{"line":44,"column":3}}]},"9":{"type":"branch","line":36,"loc":{"start":{"line":36,"column":80},"end":{"line":41,"column":5}},"locations":[{"start":{"line":36,"column":80},"end":{"line":41,"column":5}}]},"10":{"type":"branch","line":46,"loc":{"start":{"line":46,"column":2},"end":{"line":134,"column":3}},"locations":[{"start":{"line":46,"column":2},"end":{"line":134,"column":3}}]},"11":{"type":"branch","line":51,"loc":{"start":{"line":51,"column":58},"end":{"line":53,"column":5}},"locations":[{"start":{"line":51,"column":58},"end":{"line":53,"column":5}}]},"12":{"type":"branch","line":54,"loc":{"start":{"line":54,"column":63},"end":{"line":56,"column":5}},"locations":[{"start":{"line":54,"column":63},"end":{"line":56,"column":5}}]},"13":{"type":"branch","line":58,"loc":{"start":{"line":58,"column":58},"end":{"line":60,"column":5}},"locations":[{"start":{"line":58,"column":58},"end":{"line":60,"column":5}}]},"14":{"type":"branch","line":61,"loc":{"start":{"line":61,"column":63},"end":{"line":63,"column":5}},"locations":[{"start":{"line":61,"column":63},"end":{"line":63,"column":5}}]},"15":{"type":"branch","line":65,"loc":{"start":{"line":65,"column":60},"end":{"line":67,"column":5}},"locations":[{"start":{"line":65,"column":60},"end":{"line":67,"column":5}}]},"16":{"type":"branch","line":68,"loc":{"start":{"line":68,"column":39},"end":{"line":72,"column":5}},"locations":[{"start":{"line":68,"column":39},"end":{"line":72,"column":5}}]},"17":{"type":"branch","line":69,"loc":{"start":{"line":69,"column":33},"end":{"line":71,"column":7}},"locations":[{"start":{"line":69,"column":33},"end":{"line":71,"column":7}}]},"18":{"type":"branch","line":72,"loc":{"start":{"line":72,"column":4},"end":{"line":82,"column":39}},"locations":[{"start":{"line":72,"column":4},"end":{"line":82,"column":39}}]},"19":{"type":"branch","line":86,"loc":{"start":{"line":86,"column":23},"end":{"line":86,"column":40}},"locations":[{"start":{"line":86,"column":23},"end":{"line":86,"column":40}}]},"20":{"type":"branch","line":86,"loc":{"start":{"line":86,"column":42},"end":{"line":89,"column":7}},"locations":[{"start":{"line":86,"column":42},"end":{"line":89,"column":7}}]},"21":{"type":"branch","line":91,"loc":{"start":{"line":91,"column":24},"end":{"line":91,"column":42}},"locations":[{"start":{"line":91,"column":24},"end":{"line":91,"column":42}}]},"22":{"type":"branch","line":91,"loc":{"start":{"line":91,"column":44},"end":{"line":108,"column":7}},"locations":[{"start":{"line":91,"column":44},"end":{"line":108,"column":7}}]},"23":{"type":"branch","line":97,"loc":{"start":{"line":97,"column":40},"end":{"line":100,"column":9}},"locations":[{"start":{"line":97,"column":40},"end":{"line":100,"column":9}}]},"24":{"type":"branch","line":101,"loc":{"start":{"line":101,"column":29},"end":{"line":101,"column":72}},"locations":[{"start":{"line":101,"column":29},"end":{"line":101,"column":72}}]},"25":{"type":"branch","line":101,"loc":{"start":{"line":101,"column":74},"end":{"line":104,"column":9}},"locations":[{"start":{"line":101,"column":74},"end":{"line":104,"column":9}}]},"26":{"type":"branch","line":108,"loc":{"start":{"line":108,"column":6},"end":{"line":122,"column":7}},"locations":[{"start":{"line":108,"column":6},"end":{"line":122,"column":7}}]},"27":{"type":"branch","line":123,"loc":{"start":{"line":123,"column":4},"end":{"line":134,"column":3}},"locations":[{"start":{"line":123,"column":4},"end":{"line":134,"column":3}}]},"28":{"type":"branch","line":47,"loc":{"start":{"line":47,"column":57},"end":{"line":47,"column":84}},"locations":[{"start":{"line":47,"column":57},"end":{"line":47,"column":84}}]},"29":{"type":"branch","line":48,"loc":{"start":{"line":48,"column":57},"end":{"line":48,"column":84}},"locations":[{"start":{"line":48,"column":57},"end":{"line":48,"column":84}}]},"30":{"type":"branch","line":49,"loc":{"start":{"line":49,"column":53},"end":{"line":49,"column":66}},"locations":[{"start":{"line":49,"column":53},"end":{"line":49,"column":66}}]},"31":{"type":"branch","line":54,"loc":{"start":{"line":54,"column":25},"end":{"line":54,"column":60}},"locations":[{"start":{"line":54,"column":25},"end":{"line":54,"column":60}}]},"32":{"type":"branch","line":61,"loc":{"start":{"line":61,"column":25},"end":{"line":61,"column":60}},"locations":[{"start":{"line":61,"column":25},"end":{"line":61,"column":60}}]},"33":{"type":"branch","line":125,"loc":{"start":{"line":125,"column":19},"end":{"line":131,"column":5}},"locations":[{"start":{"line":125,"column":19},"end":{"line":131,"column":5}}]},"34":{"type":"branch","line":128,"loc":{"start":{"line":128,"column":34},"end":{"line":131,"column":5}},"locations":[{"start":{"line":128,"column":34},"end":{"line":131,"column":5}}]}},"b":{"0":[2],"1":[2],"2":[4],"3":[3],"4":[1],"5":[1],"6":[4],"7":[0],"8":[2],"9":[0],"10":[2],"11":[0],"12":[0],"13":[0],"14":[0],"15":[0],"16":[3],"17":[1],"18":[1],"19":[1],"20":[0],"21":[1],"22":[1],"23":[0],"24":[0],"25":[0],"26":[0],"27":[1],"28":[4],"29":[4],"30":[3],"31":[4],"32":[4],"33":[1],"34":[0]},"fnMap":{"0":{"name":"AbrigoAnimais","decl":{"start":{"line":2,"column":2},"end":{"line":16,"column":3}},"loc":{"start":{"line":2,"column":2},"end":{"line":16,"column":3}},"line":2},"1":{"name":"_contémSequência","decl":{"start":{"line":18,"column":2},"end":{"line":27,"column":3}},"loc":{"start":{"line":18,"column":2},"end":{"line":27,"column":3}},"line":18},"2":{"name":"_verificaPessoa","decl":{"start":{"line":29,"column":2},"end":{"line":44,"column":3}},"loc":{"start":{"line":29,"column":2},"end":{"line":44,"column":3}},"line":29},"3":{"name":"encontraPessoas","decl":{"start":{"line":46,"column":2},"end":{"line":134,"column":3}},"loc":{"start":{"line":46,"column":2},"end":{"line":134,"column":3}},"line":46},"4":{"name":"temOutroAnimal","decl":{"start":{"line":78,"column":27},"end":{"line":80,"column":5}},"loc":{"start":{"line":78,"column":27},"end":{"line":80,"column":5}},"line":78}},"f":{"0":2,"1":2,"2":4,"3":2,"4":0}}
}
