TN:
SF:src\abrigo-animais.js
FN:2,AbrigoAnimais
FN:18,_contémSequência
FN:29,_verificaPessoa
FN:46,encontraPessoas
FN:78,temOutroAnimal
FNF:5
FNH:4
FNDA:2,AbrigoAnimais
FNDA:2,_contémSequência
FNDA:4,_verificaPessoa
FNDA:2,encontraPessoas
FNDA:0,temOutroAnimal
DA:1,1
DA:2,1
DA:3,2
DA:4,2
DA:5,2
DA:6,2
DA:7,2
DA:8,2
DA:9,2
DA:10,2
DA:11,2
DA:12,2
DA:13,2
DA:14,2
DA:15,2
DA:16,2
DA:17,1
DA:18,1
DA:19,2
DA:20,2
DA:21,4
DA:22,3
DA:23,3
DA:24,3
DA:25,4
DA:26,1
DA:27,1
DA:28,1
DA:29,1
DA:30,4
DA:31,4
DA:32,0
DA:33,0
DA:34,4
DA:35,2
DA:36,2
DA:37,0
DA:38,0
DA:39,0
DA:40,0
DA:41,0
DA:42,2
DA:43,2
DA:44,2
DA:45,1
DA:46,1
DA:47,2
DA:48,2
DA:49,2
DA:50,2
DA:51,2
DA:52,0
DA:53,0
DA:54,2
DA:55,0
DA:56,0
DA:57,2
DA:58,2
DA:59,0
DA:60,0
DA:61,2
DA:62,0
DA:63,0
DA:64,2
DA:65,2
DA:66,0
DA:67,0
DA:68,2
DA:69,3
DA:70,1
DA:71,1
DA:72,3
DA:73,1
DA:74,1
DA:75,1
DA:76,1
DA:77,1
DA:78,1
DA:79,0
DA:80,1
DA:81,1
DA:82,2
DA:83,2
DA:84,2
DA:85,2
DA:86,2
DA:87,0
DA:88,0
DA:89,0
DA:90,2
DA:91,2
DA:92,1
DA:93,1
DA:94,1
DA:95,1
DA:96,1
DA:97,1
DA:98,0
DA:99,0
DA:100,0
DA:101,1
DA:102,0
DA:103,0
DA:104,0
DA:105,1
DA:106,1
DA:107,1
DA:108,1
DA:109,0
DA:110,0
DA:111,0
DA:112,0
DA:113,0
DA:114,0
DA:115,0
DA:116,0
DA:117,0
DA:118,0
DA:119,0
DA:120,0
DA:121,0
DA:122,0
DA:123,2
DA:124,1
DA:125,1
DA:126,1
DA:127,1
DA:128,1
DA:129,0
DA:130,0
DA:131,1
DA:132,1
DA:133,1
DA:134,1
DA:135,1
LF:135
LH:92
BRDA:2,0,0,2
BRDA:18,1,0,2
BRDA:20,2,0,4
BRDA:21,3,0,3
BRDA:23,4,0,1
BRDA:25,5,0,1
BRDA:29,6,0,4
BRDA:31,7,0,0
BRDA:34,8,0,2
BRDA:36,9,0,0
BRDA:46,10,0,2
BRDA:51,11,0,0
BRDA:54,12,0,0
BRDA:58,13,0,0
BRDA:61,14,0,0
BRDA:65,15,0,0
BRDA:68,16,0,3
BRDA:69,17,0,1
BRDA:72,18,0,1
BRDA:86,19,0,1
BRDA:86,20,0,0
BRDA:91,21,0,1
BRDA:91,22,0,1
BRDA:97,23,0,0
BRDA:101,24,0,0
BRDA:101,25,0,0
BRDA:108,26,0,0
BRDA:123,27,0,1
BRDA:47,28,0,4
BRDA:48,29,0,4
BRDA:49,30,0,3
BRDA:54,31,0,4
BRDA:61,32,0,4
BRDA:125,33,0,1
BRDA:128,34,0,0
BRF:35
BRH:22
end_of_record
